<?xml version="1.0" encoding="UTF-8"?>
<!-- Generated by org.testng.reporters.JUnitXMLReporter -->
<testsuite hostname="LAPTOP-8RQVFFOA" ignored="12" name="Default test" tests="1" failures="1" timestamp="2021-03-29T14:50:09 IST" time="38.892" errors="0">
  <testcase name="testLoanTenureCalculator" time="35.254" classname="testCase.LoanTenureCalculator">
    <failure type="java.lang.AssertionError" message="Assertion : Actual is -25,000.00 And Expacted is - 25,089.18">
      <![CDATA[java.lang.AssertionError: Assertion : Actual is -25,000.00 And Expacted is - 25,089.18
at org.testng.Assert.fail(Assert.java:99)
at baseClasses.PageBaseClass.reportFail(PageBaseClass.java:176)
at baseClasses.PageBaseClass.assertequals(PageBaseClass.java:162)
at testCase.LoanTenureCalculator.testLoanTenureCalculator(LoanTenureCalculator.java:29)
at sun.reflect.NativeMethodAccessorImpl.invoke0(Native Method)
at sun.reflect.NativeMethodAccessorImpl.invoke(Unknown Source)
at sun.reflect.DelegatingMethodAccessorImpl.invoke(Unknown Source)
at java.lang.reflect.Method.invoke(Unknown Source)
at org.testng.internal.MethodInvocationHelper.invokeMethod(MethodInvocationHelper.java:132)
at org.testng.internal.TestInvoker.invokeMethod(TestInvoker.java:599)
at org.testng.internal.TestInvoker.invokeTestMethod(TestInvoker.java:174)
at org.testng.internal.MethodRunner.runInSequence(MethodRunner.java:46)
at org.testng.internal.TestInvoker$MethodInvocationAgent.invoke(TestInvoker.java:822)
at org.testng.internal.TestInvoker.invokeTestMethods(TestInvoker.java:147)
at org.testng.internal.TestMethodWorker.invokeTestMethods(TestMethodWorker.java:146)
at org.testng.internal.TestMethodWorker.run(TestMethodWorker.java:128)
at java.util.ArrayList.forEach(Unknown Source)
at org.testng.TestRunner.privateRun(TestRunner.java:764)
at org.testng.TestRunner.run(TestRunner.java:585)
at org.testng.SuiteRunner.runTest(SuiteRunner.java:384)
at org.testng.SuiteRunner.runSequentially(SuiteRunner.java:378)
at org.testng.SuiteRunner.privateRun(SuiteRunner.java:337)
at org.testng.SuiteRunner.run(SuiteRunner.java:286)
at org.testng.SuiteRunnerWorker.runSuite(SuiteRunnerWorker.java:53)
at org.testng.SuiteRunnerWorker.run(SuiteRunnerWorker.java:96)
at org.testng.TestNG.runSuitesSequentially(TestNG.java:1218)
at org.testng.TestNG.runSuitesLocally(TestNG.java:1140)
at org.testng.TestNG.runSuites(TestNG.java:1069)
at org.testng.TestNG.run(TestNG.java:1037)
at org.testng.remote.AbstractRemoteTestNG.run(AbstractRemoteTestNG.java:115)
at org.testng.remote.RemoteTestNG.initAndRun(RemoteTestNG.java:251)
at org.testng.remote.RemoteTestNG.main(RemoteTestNG.java:77)
]]>
    </failure>
  </testcase> <!-- testLoanTenureCalculator -->
  <testcase name="testLoanTenureFeesNChargesFieldForNumbericInputValue" time="0.0" classname="testCase.LoanTenureCalculator">
    <ignored/>
  </testcase> <!-- testLoanTenureFeesNChargesFieldForNumbericInputValue -->
  <testcase name="testLoanTenureCalculatorAmountFieldForNumbericInputValue" time="0.0" classname="testCase.LoanTenureCalculator">
    <ignored/>
  </testcase> <!-- testLoanTenureCalculatorAmountFieldForNumbericInputValue -->
  <testcase name="testLoanTenureCalculatorInterestRateForSpecialCharactersInputValue" time="0.0" classname="testCase.LoanTenureCalculator">
    <ignored/>
  </testcase> <!-- testLoanTenureCalculatorInterestRateForSpecialCharactersInputValue -->
  <testcase name="testLoanTenureCalculatorAmountFieldForSpecialCharactersInputValue" time="0.0" classname="testCase.LoanTenureCalculator">
    <ignored/>
  </testcase> <!-- testLoanTenureCalculatorAmountFieldForSpecialCharactersInputValue -->
  <testcase name="testLoanTenureFeesNChargesForAlphabeticInputValue" time="0.0" classname="testCase.LoanTenureCalculator">
    <ignored/>
  </testcase> <!-- testLoanTenureFeesNChargesForAlphabeticInputValue -->
  <testcase name="testLoanTenureCalculatorEmiFieldForAlphabeticInputValue" time="0.0" classname="testCase.LoanTenureCalculator">
    <ignored/>
  </testcase> <!-- testLoanTenureCalculatorEmiFieldForAlphabeticInputValue -->
  <testcase name="testLoanTenureFeesNChargesFieldForSpecialCharactersInputValue" time="0.0" classname="testCase.LoanTenureCalculator">
    <ignored/>
  </testcase> <!-- testLoanTenureFeesNChargesFieldForSpecialCharactersInputValue -->
  <testcase name="testLoanTenureCalculatorAmountFieldForAlphabeticInputValue" time="0.0" classname="testCase.LoanTenureCalculator">
    <ignored/>
  </testcase> <!-- testLoanTenureCalculatorAmountFieldForAlphabeticInputValue -->
  <testcase name="testLoanTenureCalculatorInterestRateForAlphabeticInputValue" time="0.0" classname="testCase.LoanTenureCalculator">
    <ignored/>
  </testcase> <!-- testLoanTenureCalculatorInterestRateForAlphabeticInputValue -->
  <testcase name="testLoanTenureCalculatorEmiFieldForSpecialCharactersInputValue" time="0.0" classname="testCase.LoanTenureCalculator">
    <ignored/>
  </testcase> <!-- testLoanTenureCalculatorEmiFieldForSpecialCharactersInputValue -->
  <testcase name="testLoanTenureCalculatorInterestRateForNumbericInputValue" time="0.0" classname="testCase.LoanTenureCalculator">
    <ignored/>
  </testcase> <!-- testLoanTenureCalculatorInterestRateForNumbericInputValue -->
  <testcase name="testLoanTenureCalculatorEmiFieldForNumbericInputValue" time="0.0" classname="testCase.LoanTenureCalculator">
    <ignored/>
  </testcase> <!-- testLoanTenureCalculatorEmiFieldForNumbericInputValue -->
</testsuite> <!-- Default test -->
