<html>
<head>
<title>TestNG:  Test</title>
<link href="../testng.css" rel="stylesheet" type="text/css" />
<link href="../my-testng.css" rel="stylesheet" type="text/css" />

<style type="text/css">
.log { display: none;} 
.stack-trace { display: none;} 
</style>
<script type="text/javascript">
<!--
function flip(e) {
  current = e.style.display;
  if (current == 'block') {
    e.style.display = 'none';
    return 0;
  }
  else {
    e.style.display = 'block';
    return 1;
  }
}

function toggleBox(szDivId, elem, msg1, msg2)
{
  var res = -1;  if (document.getElementById) {
    res = flip(document.getElementById(szDivId));
  }
  else if (document.all) {
    // this is the way old msie versions work
    res = flip(document.all[szDivId]);
  }
  if(elem) {
    if(res == 0) elem.innerHTML = msg1; else elem.innerHTML = msg2;
  }

}

function toggleAllBoxes() {
  if (document.getElementsByTagName) {
    d = document.getElementsByTagName('div');
    for (i = 0; i < d.length; i++) {
      if (d[i].className == 'log') {
        flip(d[i]);
      }
    }
  }
}

// -->
</script>

</head>
<body>
<h2 align='center'>Test</h2><table border='1' align="center">
<tr>
<td>Tests passed/Failed/Skipped:</td><td>4/1/0</td>
</tr><tr>
<td>Started on:</td><td>Fri Mar 26 13:45:47 IST 2021</td>
</tr>
<tr><td>Total time:</td><td>404 seconds (404565 ms)</td>
</tr><tr>
<td>Included groups:</td><td>Main_TestCase </td>
</tr><tr>
<td>Excluded groups:</td><td></td>
</tr>
</table><p/>
<small><i>(Hover the method name to see the test class name)</i></small><p/>
<table width='100%' border='1' class='invocation-failed'>
<tr><td colspan='4' align='center'><b>FAILED TESTS</b></td></tr>
<tr><td><b>Test method</b></td>
<td width="30%"><b>Exception</b></td>
<td width="10%"><b>Time (seconds)</b></td>
<td><b>Instance</b></td>
</tr>
<tr>
<td title='testCase.LoanTenureCalculator.testLoanTenureCalculator()'><b>testLoanTenureCalculator</b><br>Test class: testCase.LoanTenureCalculator</td>
<td><div><pre>java.lang.AssertionError: Assertion : Actual is -25,000.00 And Expacted is - 25,089.18
	at baseClasses.PageBaseClass.reportFail(PageBaseClass.java:176)
	at baseClasses.PageBaseClass.assertequals(PageBaseClass.java:162)
	at testCase.LoanTenureCalculator.testLoanTenureCalculator(LoanTenureCalculator.java:28)
	at java.util.ArrayList.forEach(Unknown Source)
... Removed 28 stack frames</pre></div><a href='#' onClick='toggleBox("stack-trace1368251707", this, "Click to show all stack frames", "Click to hide stack frames")'>Click to show all stack frames</a>
<div class='stack-trace' id='stack-trace1368251707'><pre>java.lang.AssertionError: Assertion : Actual is -25,000.00 And Expacted is - 25,089.18
	at org.testng.Assert.fail(Assert.java:99)
	at baseClasses.PageBaseClass.reportFail(PageBaseClass.java:176)
	at baseClasses.PageBaseClass.assertequals(PageBaseClass.java:162)
	at testCase.LoanTenureCalculator.testLoanTenureCalculator(LoanTenureCalculator.java:28)
	at sun.reflect.NativeMethodAccessorImpl.invoke0(Native Method)
	at sun.reflect.NativeMethodAccessorImpl.invoke(Unknown Source)
	at sun.reflect.DelegatingMethodAccessorImpl.invoke(Unknown Source)
	at java.lang.reflect.Method.invoke(Unknown Source)
	at org.testng.internal.MethodInvocationHelper.invokeMethod(MethodInvocationHelper.java:132)
	at org.testng.internal.TestInvoker.invokeMethod(TestInvoker.java:599)
	at org.testng.internal.TestInvoker.invokeTestMethod(TestInvoker.java:174)
	at org.testng.internal.MethodRunner.runInSequence(MethodRunner.java:46)
	at org.testng.internal.TestInvoker$MethodInvocationAgent.invoke(TestInvoker.java:822)
	at org.testng.internal.TestInvoker.invokeTestMethods(TestInvoker.java:147)
	at org.testng.internal.TestMethodWorker.invokeTestMethods(TestMethodWorker.java:146)
	at org.testng.internal.TestMethodWorker.run(TestMethodWorker.java:128)
	at java.util.ArrayList.forEach(Unknown Source)
	at org.testng.TestRunner.privateRun(TestRunner.java:764)
	at org.testng.TestRunner.run(TestRunner.java:585)
	at org.testng.SuiteRunner.runTest(SuiteRunner.java:384)
	at org.testng.SuiteRunner.runSequentially(SuiteRunner.java:378)
	at org.testng.SuiteRunner.privateRun(SuiteRunner.java:337)
	at org.testng.SuiteRunner.run(SuiteRunner.java:286)
	at org.testng.SuiteRunnerWorker.runSuite(SuiteRunnerWorker.java:53)
	at org.testng.SuiteRunnerWorker.run(SuiteRunnerWorker.java:96)
	at org.testng.TestNG.runSuitesSequentially(TestNG.java:1218)
	at org.testng.TestNG.runSuitesLocally(TestNG.java:1140)
	at org.testng.TestNG.runSuites(TestNG.java:1069)
	at org.testng.TestNG.run(TestNG.java:1037)
	at org.testng.remote.AbstractRemoteTestNG.run(AbstractRemoteTestNG.java:115)
	at org.testng.remote.RemoteTestNG.initAndRun(RemoteTestNG.java:251)
	at org.testng.remote.RemoteTestNG.main(RemoteTestNG.java:77)
</pre></div></td>
<td>60</td>
<td>testCase.LoanTenureCalculator@4e41089d</td></tr>
</table><p>
<table width='100%' border='1' class='invocation-passed'>
<tr><td colspan='4' align='center'><b>PASSED TESTS</b></td></tr>
<tr><td><b>Test method</b></td>
<td width="30%"><b>Exception</b></td>
<td width="10%"><b>Time (seconds)</b></td>
<td><b>Instance</b></td>
</tr>
<tr>
<td title='testCase.CarLoanTest.testCarLoan()'><b>testCarLoan</b><br>Test class: testCase.CarLoanTest</td>
<td></td>
<td>56</td>
<td>testCase.CarLoanTest@2d127a61</td></tr>
<tr>
<td title='testCase.LoanEmiCalculator.testEMICalculator()'><b>testEMICalculator</b><br>Test class: testCase.LoanEmiCalculator</td>
<td></td>
<td>106</td>
<td>testCase.LoanEmiCalculator@2bbaf4f0</td></tr>
<tr>
<td title='testCase.HomeLoanEMICalculator.testHomeLoanEMICalculator()'><b>testHomeLoanEMICalculator</b><br>Test class: testCase.HomeLoanEMICalculator</td>
<td></td>
<td>104</td>
<td>testCase.HomeLoanEMICalculator@70beb599</td></tr>
<tr>
<td title='testCase.LoanAmountCalculator.testLoanAmountCalculator()'><b>testLoanAmountCalculator</b><br>Test class: testCase.LoanAmountCalculator</td>
<td></td>
<td>74</td>
<td>testCase.LoanAmountCalculator@11c20519</td></tr>
</table><p>
</body>
</html>